{"/Users/abhimanyuyadav/Downloads/Source Code 3/codewithmosh-redux/src/math.js": {"path":"/Users/abhimanyuyadav/Downloads/Source Code 3/codewithmosh-redux/src/math.js","statementMap":{"0":{"start":{"line":1,"column":22},"end":{"line":1,"column":48}},"1":{"start":{"line":1,"column":32},"end":{"line":1,"column":48}}},"fnMap":{"0":{"name":"(anonymous_0)","decl":{"start":{"line":1,"column":22},"end":{"line":1,"column":23}},"loc":{"start":{"line":1,"column":32},"end":{"line":1,"column":48}},"line":1}},"branchMap":{},"s":{"0":1,"1":2},"f":{"0":2},"b":{},"_coverageSchema":"1a1c01bbd47fc00a2c39e90264f33305004495a9","hash":"d409ae8b1b7283449fadad7771703d2eb8593ac9"}
,"/Users/abhimanyuyadav/Downloads/Source Code 3/codewithmosh-redux/src/store/api.js": {"path":"/Users/abhimanyuyadav/Downloads/Source Code 3/codewithmosh-redux/src/store/api.js","statementMap":{"0":{"start":{"line":3,"column":28},"end":{"line":3,"column":57}},"1":{"start":{"line":4,"column":30},"end":{"line":4,"column":61}},"2":{"start":{"line":5,"column":29},"end":{"line":5,"column":59}}},"fnMap":{},"branchMap":{},"s":{"0":1,"1":1,"2":1},"f":{},"b":{},"_coverageSchema":"1a1c01bbd47fc00a2c39e90264f33305004495a9","hash":"4621eb3651343b5ce5c8308b2c4ed36b22edd6d3"}
,"/Users/abhimanyuyadav/Downloads/Source Code 3/codewithmosh-redux/src/store/bugs.js": {"path":"/Users/abhimanyuyadav/Downloads/Source Code 3/codewithmosh-redux/src/store/bugs.js","statementMap":{"0":{"start":{"line":8,"column":14},"end":{"line":55,"column":2}},"1":{"start":{"line":23,"column":12},"end":{"line":25,"column":13}},"2":{"start":{"line":28,"column":26},"end":{"line":28,"column":82}},"3":{"start":{"line":28,"column":53},"end":{"line":28,"column":81}},"4":{"start":{"line":29,"column":12},"end":{"line":29,"column":44}},"5":{"start":{"line":34,"column":43},"end":{"line":34,"column":57}},"6":{"start":{"line":36,"column":26},"end":{"line":36,"column":70}},"7":{"start":{"line":36,"column":53},"end":{"line":36,"column":69}},"8":{"start":{"line":38,"column":12},"end":{"line":38,"column":45}},"9":{"start":{"line":42,"column":13},"end":{"line":42,"column":40}},"10":{"start":{"line":43,"column":13},"end":{"line":43,"column":33}},"11":{"start":{"line":44,"column":13},"end":{"line":44,"column":41}},"12":{"start":{"line":47,"column":12},"end":{"line":47,"column":32}},"13":{"start":{"line":50,"column":12},"end":{"line":50,"column":33}},"14":{"start":{"line":58,"column":112},"end":{"line":58,"column":125}},"15":{"start":{"line":62,"column":12},"end":{"line":62,"column":19}},"16":{"start":{"line":64,"column":24},"end":{"line":79,"column":1}},"17":{"start":{"line":64,"column":30},"end":{"line":79,"column":1}},"18":{"start":{"line":65,"column":24},"end":{"line":65,"column":47}},"19":{"start":{"line":68,"column":25},"end":{"line":68,"column":68}},"20":{"start":{"line":70,"column":1},"end":{"line":70,"column":30}},"21":{"start":{"line":70,"column":24},"end":{"line":70,"column":30}},"22":{"start":{"line":72,"column":4},"end":{"line":77,"column":3}},"23":{"start":{"line":81,"column":22},"end":{"line":86,"column":2}},"24":{"start":{"line":81,"column":29},"end":{"line":86,"column":2}},"25":{"start":{"line":88,"column":27},"end":{"line":94,"column":2}},"26":{"start":{"line":88,"column":33},"end":{"line":94,"column":2}},"27":{"start":{"line":96,"column":31},"end":{"line":101,"column":2}},"28":{"start":{"line":96,"column":51},"end":{"line":101,"column":2}},"29":{"start":{"line":105,"column":34},"end":{"line":108,"column":1}},"30":{"start":{"line":106,"column":13},"end":{"line":106,"column":31}},"31":{"start":{"line":107,"column":12},"end":{"line":107,"column":45}},"32":{"start":{"line":107,"column":31},"end":{"line":107,"column":44}},"33":{"start":{"line":111,"column":29},"end":{"line":114,"column":1}},"34":{"start":{"line":111,"column":40},"end":{"line":114,"column":1}},"35":{"start":{"line":112,"column":13},"end":{"line":112,"column":31}},"36":{"start":{"line":113,"column":12},"end":{"line":113,"column":54}},"37":{"start":{"line":113,"column":31},"end":{"line":113,"column":52}}},"fnMap":{"0":{"name":"(anonymous_0)","decl":{"start":{"line":22,"column":19},"end":{"line":22,"column":20}},"loc":{"start":{"line":22,"column":38},"end":{"line":26,"column":9}},"line":22},"1":{"name":"(anonymous_1)","decl":{"start":{"line":27,"column":26},"end":{"line":27,"column":27}},"loc":{"start":{"line":27,"column":45},"end":{"line":30,"column":9}},"line":27},"2":{"name":"(anonymous_2)","decl":{"start":{"line":28,"column":46},"end":{"line":28,"column":47}},"loc":{"start":{"line":28,"column":53},"end":{"line":28,"column":81}},"line":28},"3":{"name":"(anonymous_3)","decl":{"start":{"line":32,"column":28},"end":{"line":32,"column":29}},"loc":{"start":{"line":32,"column":47},"end":{"line":39,"column":9}},"line":32},"4":{"name":"(anonymous_4)","decl":{"start":{"line":36,"column":46},"end":{"line":36,"column":47}},"loc":{"start":{"line":36,"column":53},"end":{"line":36,"column":69}},"line":36},"5":{"name":"(anonymous_5)","decl":{"start":{"line":40,"column":20},"end":{"line":40,"column":21}},"loc":{"start":{"line":40,"column":35},"end":{"line":45,"column":9}},"line":40},"6":{"name":"(anonymous_6)","decl":{"start":{"line":46,"column":22},"end":{"line":46,"column":23}},"loc":{"start":{"line":46,"column":39},"end":{"line":48,"column":9}},"line":46},"7":{"name":"(anonymous_7)","decl":{"start":{"line":49,"column":28},"end":{"line":49,"column":29}},"loc":{"start":{"line":49,"column":45},"end":{"line":51,"column":9}},"line":49},"8":{"name":"(anonymous_8)","decl":{"start":{"line":64,"column":24},"end":{"line":64,"column":25}},"loc":{"start":{"line":64,"column":30},"end":{"line":79,"column":1}},"line":64},"9":{"name":"(anonymous_9)","decl":{"start":{"line":64,"column":30},"end":{"line":64,"column":31}},"loc":{"start":{"line":64,"column":55},"end":{"line":79,"column":1}},"line":64},"10":{"name":"(anonymous_10)","decl":{"start":{"line":81,"column":22},"end":{"line":81,"column":23}},"loc":{"start":{"line":81,"column":29},"end":{"line":86,"column":2}},"line":81},"11":{"name":"(anonymous_11)","decl":{"start":{"line":88,"column":27},"end":{"line":88,"column":28}},"loc":{"start":{"line":88,"column":33},"end":{"line":94,"column":2}},"line":88},"12":{"name":"(anonymous_12)","decl":{"start":{"line":96,"column":31},"end":{"line":96,"column":32}},"loc":{"start":{"line":96,"column":51},"end":{"line":101,"column":2}},"line":96},"13":{"name":"(anonymous_13)","decl":{"start":{"line":106,"column":4},"end":{"line":106,"column":5}},"loc":{"start":{"line":106,"column":13},"end":{"line":106,"column":31}},"line":106},"14":{"name":"(anonymous_14)","decl":{"start":{"line":107,"column":4},"end":{"line":107,"column":5}},"loc":{"start":{"line":107,"column":12},"end":{"line":107,"column":45}},"line":107},"15":{"name":"(anonymous_15)","decl":{"start":{"line":107,"column":24},"end":{"line":107,"column":25}},"loc":{"start":{"line":107,"column":31},"end":{"line":107,"column":44}},"line":107},"16":{"name":"(anonymous_16)","decl":{"start":{"line":111,"column":29},"end":{"line":111,"column":30}},"loc":{"start":{"line":111,"column":40},"end":{"line":114,"column":1}},"line":111},"17":{"name":"(anonymous_17)","decl":{"start":{"line":112,"column":4},"end":{"line":112,"column":5}},"loc":{"start":{"line":112,"column":13},"end":{"line":112,"column":31}},"line":112},"18":{"name":"(anonymous_18)","decl":{"start":{"line":113,"column":4},"end":{"line":113,"column":5}},"loc":{"start":{"line":113,"column":12},"end":{"line":113,"column":54}},"line":113},"19":{"name":"(anonymous_19)","decl":{"start":{"line":113,"column":24},"end":{"line":113,"column":25}},"loc":{"start":{"line":113,"column":31},"end":{"line":113,"column":52}},"line":113}},"branchMap":{"0":{"loc":{"start":{"line":70,"column":1},"end":{"line":70,"column":30}},"type":"if","locations":[{"start":{"line":70,"column":1},"end":{"line":70,"column":30}},{"start":{},"end":{}}],"line":70}},"s":{"0":1,"1":1,"2":0,"3":0,"4":0,"5":0,"6":0,"7":0,"8":0,"9":0,"10":0,"11":0,"12":0,"13":0,"14":1,"15":1,"16":1,"17":0,"18":0,"19":0,"20":0,"21":0,"22":0,"23":1,"24":2,"25":1,"26":0,"27":1,"28":0,"29":1,"30":0,"31":0,"32":0,"33":1,"34":0,"35":0,"36":0,"37":0},"f":{"0":1,"1":0,"2":0,"3":0,"4":0,"5":0,"6":0,"7":0,"8":0,"9":0,"10":2,"11":0,"12":0,"13":0,"14":0,"15":0,"16":0,"17":0,"18":0,"19":0},"b":{"0":[0,0]},"_coverageSchema":"1a1c01bbd47fc00a2c39e90264f33305004495a9","hash":"96e48d2d6dbb404f2ef628d78db088f902972778"}
,"/Users/abhimanyuyadav/Downloads/Source Code 3/codewithmosh-redux/src/store/conigureStore.js": {"path":"/Users/abhimanyuyadav/Downloads/Source Code 3/codewithmosh-redux/src/store/conigureStore.js","statementMap":{"0":{"start":{"line":8,"column":16},"end":{"line":16,"column":2}},"1":{"start":{"line":17,"column":2},"end":{"line":17,"column":15}}},"fnMap":{"0":{"name":"createStore","decl":{"start":{"line":7,"column":24},"end":{"line":7,"column":35}},"loc":{"start":{"line":7,"column":38},"end":{"line":18,"column":1}},"line":7}},"branchMap":{},"s":{"0":2,"1":2},"f":{"0":2},"b":{},"_coverageSchema":"1a1c01bbd47fc00a2c39e90264f33305004495a9","hash":"b0a4295604e205fc1b8e075264a1cfbc7e372d24"}
,"/Users/abhimanyuyadav/Downloads/Source Code 3/codewithmosh-redux/src/store/entities.js": {"path":"/Users/abhimanyuyadav/Downloads/Source Code 3/codewithmosh-redux/src/store/entities.js","statementMap":{},"fnMap":{},"branchMap":{},"s":{},"f":{},"b":{},"_coverageSchema":"1a1c01bbd47fc00a2c39e90264f33305004495a9","hash":"def85d542414b6449c03b83309a7feb344a59b72"}
,"/Users/abhimanyuyadav/Downloads/Source Code 3/codewithmosh-redux/src/store/projects.js": {"path":"/Users/abhimanyuyadav/Downloads/Source Code 3/codewithmosh-redux/src/store/projects.js","statementMap":{"0":{"start":{"line":3,"column":16},"end":{"line":3,"column":17}},"1":{"start":{"line":5,"column":21},"end":{"line":18,"column":2}},"2":{"start":{"line":10,"column":12},"end":{"line":15,"column":13}},"3":{"start":{"line":20,"column":30},"end":{"line":20,"column":50}}},"fnMap":{"0":{"name":"(anonymous_0)","decl":{"start":{"line":9,"column":23},"end":{"line":9,"column":24}},"loc":{"start":{"line":9,"column":43},"end":{"line":16,"column":9}},"line":9}},"branchMap":{},"s":{"0":1,"1":1,"2":0,"3":1},"f":{"0":0},"b":{},"_coverageSchema":"1a1c01bbd47fc00a2c39e90264f33305004495a9","hash":"28d58cb6e5414568661a344f4d2b2a4700759488"}
,"/Users/abhimanyuyadav/Downloads/Source Code 3/codewithmosh-redux/src/store/reducer.js": {"path":"/Users/abhimanyuyadav/Downloads/Source Code 3/codewithmosh-redux/src/store/reducer.js","statementMap":{},"fnMap":{},"branchMap":{},"s":{},"f":{},"b":{},"_coverageSchema":"1a1c01bbd47fc00a2c39e90264f33305004495a9","hash":"04b24d4209c8953e452b0e5e49d5543c6c23ebd3"}
,"/Users/abhimanyuyadav/Downloads/Source Code 3/codewithmosh-redux/src/store/users.js": {"path":"/Users/abhimanyuyadav/Downloads/Source Code 3/codewithmosh-redux/src/store/users.js","statementMap":{"0":{"start":{"line":3,"column":13},"end":{"line":3,"column":14}},"1":{"start":{"line":4,"column":18},"end":{"line":15,"column":2}},"2":{"start":{"line":9,"column":14},"end":{"line":12,"column":16}},"3":{"start":{"line":17,"column":28},"end":{"line":17,"column":45}}},"fnMap":{"0":{"name":"(anonymous_0)","decl":{"start":{"line":8,"column":21},"end":{"line":8,"column":22}},"loc":{"start":{"line":8,"column":39},"end":{"line":13,"column":9}},"line":8}},"branchMap":{},"s":{"0":1,"1":1,"2":0,"3":1},"f":{"0":0},"b":{},"_coverageSchema":"1a1c01bbd47fc00a2c39e90264f33305004495a9","hash":"660aa2e87c37e9b3a0c5324b30ceeaf7a8511467"}
,"/Users/abhimanyuyadav/Downloads/Source Code 3/codewithmosh-redux/src/store/middleware/api.js": {"path":"/Users/abhimanyuyadav/Downloads/Source Code 3/codewithmosh-redux/src/store/middleware/api.js","statementMap":{"0":{"start":{"line":4,"column":12},"end":{"line":48,"column":1}},"1":{"start":{"line":4,"column":39},"end":{"line":48,"column":1}},"2":{"start":{"line":4,"column":47},"end":{"line":48,"column":1}},"3":{"start":{"line":6,"column":4},"end":{"line":6,"column":69}},"4":{"start":{"line":6,"column":50},"end":{"line":6,"column":69}},"5":{"start":{"line":14,"column":66},"end":{"line":14,"column":80}},"6":{"start":{"line":16,"column":4},"end":{"line":16,"column":42}},"7":{"start":{"line":16,"column":16},"end":{"line":16,"column":42}},"8":{"start":{"line":18,"column":4},"end":{"line":18,"column":16}},"9":{"start":{"line":20,"column":4},"end":{"line":43,"column":5}},"10":{"start":{"line":21,"column":26},"end":{"line":26,"column":10}},"11":{"start":{"line":30,"column":8},"end":{"line":30,"column":55}},"12":{"start":{"line":33,"column":8},"end":{"line":33,"column":76}},"13":{"start":{"line":33,"column":22},"end":{"line":33,"column":76}},"14":{"start":{"line":37,"column":8},"end":{"line":37,"column":54}},"15":{"start":{"line":40,"column":9},"end":{"line":40,"column":65}},"16":{"start":{"line":40,"column":21},"end":{"line":40,"column":65}}},"fnMap":{"0":{"name":"(anonymous_0)","decl":{"start":{"line":4,"column":12},"end":{"line":4,"column":13}},"loc":{"start":{"line":4,"column":39},"end":{"line":48,"column":1}},"line":4},"1":{"name":"(anonymous_1)","decl":{"start":{"line":4,"column":39},"end":{"line":4,"column":40}},"loc":{"start":{"line":4,"column":47},"end":{"line":48,"column":1}},"line":4},"2":{"name":"(anonymous_2)","decl":{"start":{"line":4,"column":47},"end":{"line":4,"column":48}},"loc":{"start":{"line":4,"column":63},"end":{"line":48,"column":1}},"line":4}},"branchMap":{"0":{"loc":{"start":{"line":6,"column":4},"end":{"line":6,"column":69}},"type":"if","locations":[{"start":{"line":6,"column":4},"end":{"line":6,"column":69}},{"start":{},"end":{}}],"line":6},"1":{"loc":{"start":{"line":16,"column":4},"end":{"line":16,"column":42}},"type":"if","locations":[{"start":{"line":16,"column":4},"end":{"line":16,"column":42}},{"start":{},"end":{}}],"line":16},"2":{"loc":{"start":{"line":33,"column":8},"end":{"line":33,"column":76}},"type":"if","locations":[{"start":{"line":33,"column":8},"end":{"line":33,"column":76}},{"start":{},"end":{}}],"line":33},"3":{"loc":{"start":{"line":40,"column":9},"end":{"line":40,"column":65}},"type":"if","locations":[{"start":{"line":40,"column":9},"end":{"line":40,"column":65}},{"start":{},"end":{}}],"line":40}},"s":{"0":1,"1":2,"2":2,"3":5,"4":3,"5":2,"6":2,"7":0,"8":2,"9":2,"10":2,"11":1,"12":1,"13":1,"14":1,"15":1,"16":0},"f":{"0":2,"1":2,"2":5},"b":{"0":[3,2],"1":[0,2],"2":[1,0],"3":[0,1]},"_coverageSchema":"1a1c01bbd47fc00a2c39e90264f33305004495a9","hash":"0f239645ab5600f93bee7004f7e0f24eaf208c52"}
,"/Users/abhimanyuyadav/Downloads/Source Code 3/codewithmosh-redux/src/store/middleware/logger.js": {"path":"/Users/abhimanyuyadav/Downloads/Source Code 3/codewithmosh-redux/src/store/middleware/logger.js","statementMap":{"0":{"start":{"line":7,"column":15},"end":{"line":12,"column":1}},"1":{"start":{"line":7,"column":24},"end":{"line":12,"column":1}},"2":{"start":{"line":7,"column":33},"end":{"line":12,"column":1}},"3":{"start":{"line":7,"column":41},"end":{"line":12,"column":1}},"4":{"start":{"line":9,"column":1},"end":{"line":9,"column":30}},"5":{"start":{"line":10,"column":1},"end":{"line":10,"column":20}}},"fnMap":{"0":{"name":"(anonymous_0)","decl":{"start":{"line":7,"column":15},"end":{"line":7,"column":16}},"loc":{"start":{"line":7,"column":24},"end":{"line":12,"column":1}},"line":7},"1":{"name":"(anonymous_1)","decl":{"start":{"line":7,"column":24},"end":{"line":7,"column":25}},"loc":{"start":{"line":7,"column":33},"end":{"line":12,"column":1}},"line":7},"2":{"name":"(anonymous_2)","decl":{"start":{"line":7,"column":33},"end":{"line":7,"column":34}},"loc":{"start":{"line":7,"column":41},"end":{"line":12,"column":1}},"line":7},"3":{"name":"(anonymous_3)","decl":{"start":{"line":7,"column":41},"end":{"line":7,"column":42}},"loc":{"start":{"line":7,"column":50},"end":{"line":12,"column":1}},"line":7}},"branchMap":{},"s":{"0":1,"1":2,"2":2,"3":2,"4":5,"5":5},"f":{"0":2,"1":2,"2":2,"3":5},"b":{},"_coverageSchema":"1a1c01bbd47fc00a2c39e90264f33305004495a9","hash":"6e6d975c1c00bfbf7249d8858fc35830b7c0b852"}
,"/Users/abhimanyuyadav/Downloads/Source Code 3/codewithmosh-redux/src/store/middleware/toast.js": {"path":"/Users/abhimanyuyadav/Downloads/Source Code 3/codewithmosh-redux/src/store/middleware/toast.js","statementMap":{"0":{"start":{"line":2,"column":14},"end":{"line":11,"column":1}},"1":{"start":{"line":2,"column":23},"end":{"line":11,"column":1}},"2":{"start":{"line":2,"column":31},"end":{"line":11,"column":1}},"3":{"start":{"line":4,"column":4},"end":{"line":9,"column":5}},"4":{"start":{"line":5,"column":8},"end":{"line":5,"column":59}},"5":{"start":{"line":8,"column":7},"end":{"line":8,"column":26}}},"fnMap":{"0":{"name":"(anonymous_0)","decl":{"start":{"line":2,"column":14},"end":{"line":2,"column":15}},"loc":{"start":{"line":2,"column":23},"end":{"line":11,"column":1}},"line":2},"1":{"name":"(anonymous_1)","decl":{"start":{"line":2,"column":23},"end":{"line":2,"column":24}},"loc":{"start":{"line":2,"column":31},"end":{"line":11,"column":1}},"line":2},"2":{"name":"(anonymous_2)","decl":{"start":{"line":2,"column":31},"end":{"line":2,"column":32}},"loc":{"start":{"line":2,"column":39},"end":{"line":11,"column":1}},"line":2}},"branchMap":{"0":{"loc":{"start":{"line":4,"column":4},"end":{"line":9,"column":5}},"type":"if","locations":[{"start":{"line":4,"column":4},"end":{"line":9,"column":5}},{"start":{"line":7,"column":8},"end":{"line":9,"column":5}}],"line":4}},"s":{"0":1,"1":2,"2":2,"3":5,"4":0,"5":5},"f":{"0":2,"1":2,"2":5},"b":{"0":[0,5]},"_coverageSchema":"1a1c01bbd47fc00a2c39e90264f33305004495a9","hash":"ba4ba83a712d92a3442f0389d1658d35e4d710fd"}
}
